2026-03-28 11:55:06,071 - ERROR - 
-----
TIME: 2026-03-28T06:25:06.071789Z
TEMPLATE: hod_assign.html
PATH: /hod/assign
Traceback (most recent call last):
  File "C:\Users\poorv\OneDrive\Desktop\college_automation\fastapi_app.py", line 68, in render_template_safe
    return templates.TemplateResponse(request, name, context)
           ~~~~~~~~~~~~~~~~~~~~~~~~~~^^^^^^^^^^^^^^^^^^^^^^^^
  File "C:\Users\poorv\OneDrive\Desktop\college_automation\.venv\Lib\site-packages\starlette\templating.py", line 148, in TemplateResponse
    template = self.get_template(name)
  File "C:\Users\poorv\OneDrive\Desktop\college_automation\.venv\Lib\site-packages\starlette\templating.py", line 115, in get_template
    return self.env.get_template(name)
           ~~~~~~~~~~~~~~~~~~~~~^^^^^^
  File "C:\Users\poorv\OneDrive\Desktop\college_automation\.venv\Lib\site-packages\jinja2\environment.py", line 1016, in get_template
    return self._load_template(name, globals)
           ~~~~~~~~~~~~~~~~~~~^^^^^^^^^^^^^^^
  File "C:\Users\poorv\OneDrive\Desktop\college_automation\.venv\Lib\site-packages\jinja2\environment.py", line 975, in _load_template
    template = self.loader.load(self, name, self.make_globals(globals))
  File "C:\Users\poorv\OneDrive\Desktop\college_automation\.venv\Lib\site-packages\jinja2\loaders.py", line 126, in load
    source, filename, uptodate = self.get_source(environment, name)
                                 ~~~~~~~~~~~~~~~^^^^^^^^^^^^^^^^^^^
  File "C:\Users\poorv\OneDrive\Desktop\college_automation\.venv\Lib\site-packages\jinja2\loaders.py", line 209, in get_source
    raise TemplateNotFound(
    ...<2 lines>...
    )
jinja2.exceptions.TemplateNotFound: 'hod_assign.html' not found in search path: 'C:\\Users\\poorv\\OneDrive\\Desktop\\college_automation\\templates'


2026-03-28 11:55:08,989 - ERROR - 
-----
TIME: 2026-03-28T06:25:08.989884Z
TEMPLATE: hod_assign.html
PATH: /hod/assign
Traceback (most recent call last):
  File "C:\Users\poorv\OneDrive\Desktop\college_automation\fastapi_app.py", line 68, in render_template_safe
    return templates.TemplateResponse(request, name, context)
           ~~~~~~~~~~~~~~~~~~~~~~~~~~^^^^^^^^^^^^^^^^^^^^^^^^
  File "C:\Users\poorv\OneDrive\Desktop\college_automation\.venv\Lib\site-packages\starlette\templating.py", line 148, in TemplateResponse
    template = self.get_template(name)
  File "C:\Users\poorv\OneDrive\Desktop\college_automation\.venv\Lib\site-packages\starlette\templating.py", line 115, in get_template
    return self.env.get_template(name)
           ~~~~~~~~~~~~~~~~~~~~~^^^^^^
  File "C:\Users\poorv\OneDrive\Desktop\college_automation\.venv\Lib\site-packages\jinja2\environment.py", line 1016, in get_template
    return self._load_template(name, globals)
           ~~~~~~~~~~~~~~~~~~~^^^^^^^^^^^^^^^
  File "C:\Users\poorv\OneDrive\Desktop\college_automation\.venv\Lib\site-packages\jinja2\environment.py", line 975, in _load_template
    template = self.loader.load(self, name, self.make_globals(globals))
  File "C:\Users\poorv\OneDrive\Desktop\college_automation\.venv\Lib\site-packages\jinja2\loaders.py", line 126, in load
    source, filename, uptodate = self.get_source(environment, name)
                                 ~~~~~~~~~~~~~~~^^^^^^^^^^^^^^^^^^^
  File "C:\Users\poorv\OneDrive\Desktop\college_automation\.venv\Lib\site-packages\jinja2\loaders.py", line 209, in get_source
    raise TemplateNotFound(
    ...<2 lines>...
    )
jinja2.exceptions.TemplateNotFound: 'hod_assign.html' not found in search path: 'C:\\Users\\poorv\\OneDrive\\Desktop\\college_automation\\templates'


2026-03-28 11:55:58,622 - ERROR - 
-----
TIME: 2026-03-28T06:25:58.622183Z
TEMPLATE: hod_assign.html
PATH: /hod/assign
Traceback (most recent call last):
  File "C:\Users\poorv\OneDrive\Desktop\college_automation\fastapi_app.py", line 68, in render_template_safe
    return templates.TemplateResponse(request, name, context)
           ~~~~~~~~~~~~~~~~~~~~~~~~~~^^^^^^^^^^^^^^^^^^^^^^^^
  File "C:\Users\poorv\OneDrive\Desktop\college_automation\.venv\Lib\site-packages\starlette\templating.py", line 148, in TemplateResponse
    template = self.get_template(name)
  File "C:\Users\poorv\OneDrive\Desktop\college_automation\.venv\Lib\site-packages\starlette\templating.py", line 115, in get_template
    return self.env.get_template(name)
           ~~~~~~~~~~~~~~~~~~~~~^^^^^^
  File "C:\Users\poorv\OneDrive\Desktop\college_automation\.venv\Lib\site-packages\jinja2\environment.py", line 1016, in get_template
    return self._load_template(name, globals)
           ~~~~~~~~~~~~~~~~~~~^^^^^^^^^^^^^^^
  File "C:\Users\poorv\OneDrive\Desktop\college_automation\.venv\Lib\site-packages\jinja2\environment.py", line 975, in _load_template
    template = self.loader.load(self, name, self.make_globals(globals))
  File "C:\Users\poorv\OneDrive\Desktop\college_automation\.venv\Lib\site-packages\jinja2\loaders.py", line 126, in load
    source, filename, uptodate = self.get_source(environment, name)
                                 ~~~~~~~~~~~~~~~^^^^^^^^^^^^^^^^^^^
  File "C:\Users\poorv\OneDrive\Desktop\college_automation\.venv\Lib\site-packages\jinja2\loaders.py", line 209, in get_source
    raise TemplateNotFound(
    ...<2 lines>...
    )
jinja2.exceptions.TemplateNotFound: 'hod_assign.html' not found in search path: 'C:\\Users\\poorv\\OneDrive\\Desktop\\college_automation\\templates'


2026-03-28 11:56:01,944 - ERROR - 
-----
TIME: 2026-03-28T06:26:01.944312Z
TEMPLATE: dashboard_hod.html
PATH: /dashboard
Traceback (most recent call last):
  File "C:\Users\poorv\OneDrive\Desktop\college_automation\fastapi_app.py", line 68, in render_template_safe
    return templates.TemplateResponse(request, name, context)
           ~~~~~~~~~~~~~~~~~~~~~~~~~~^^^^^^^^^^^^^^^^^^^^^^^^
  File "C:\Users\poorv\OneDrive\Desktop\college_automation\.venv\Lib\site-packages\starlette\templating.py", line 148, in TemplateResponse
    template = self.get_template(name)
  File "C:\Users\poorv\OneDrive\Desktop\college_automation\.venv\Lib\site-packages\starlette\templating.py", line 115, in get_template
    return self.env.get_template(name)
           ~~~~~~~~~~~~~~~~~~~~~^^^^^^
  File "C:\Users\poorv\OneDrive\Desktop\college_automation\.venv\Lib\site-packages\jinja2\environment.py", line 1016, in get_template
    return self._load_template(name, globals)
           ~~~~~~~~~~~~~~~~~~~^^^^^^^^^^^^^^^
  File "C:\Users\poorv\OneDrive\Desktop\college_automation\.venv\Lib\site-packages\jinja2\environment.py", line 975, in _load_template
    template = self.loader.load(self, name, self.make_globals(globals))
  File "C:\Users\poorv\OneDrive\Desktop\college_automation\.venv\Lib\site-packages\jinja2\loaders.py", line 126, in load
    source, filename, uptodate = self.get_source(environment, name)
                                 ~~~~~~~~~~~~~~~^^^^^^^^^^^^^^^^^^^
  File "C:\Users\poorv\OneDrive\Desktop\college_automation\.venv\Lib\site-packages\jinja2\loaders.py", line 209, in get_source
    raise TemplateNotFound(
    ...<2 lines>...
    )
jinja2.exceptions.TemplateNotFound: 'dashboard_hod.html' not found in search path: 'C:\\Users\\poorv\\OneDrive\\Desktop\\college_automation\\templates'


2026-03-28 11:56:03,215 - ERROR - 
-----
TIME: 2026-03-28T06:26:03.215231Z
TEMPLATE: login.html
PATH: /login
Traceback (most recent call last):
  File "C:\Users\poorv\OneDrive\Desktop\college_automation\fastapi_app.py", line 68, in render_template_safe
    return templates.TemplateResponse(request, name, context)
           ~~~~~~~~~~~~~~~~~~~~~~~~~~^^^^^^^^^^^^^^^^^^^^^^^^
  File "C:\Users\poorv\OneDrive\Desktop\college_automation\.venv\Lib\site-packages\starlette\templating.py", line 148, in TemplateResponse
    template = self.get_template(name)
  File "C:\Users\poorv\OneDrive\Desktop\college_automation\.venv\Lib\site-packages\starlette\templating.py", line 115, in get_template
    return self.env.get_template(name)
           ~~~~~~~~~~~~~~~~~~~~~^^^^^^
  File "C:\Users\poorv\OneDrive\Desktop\college_automation\.venv\Lib\site-packages\jinja2\environment.py", line 1016, in get_template
    return self._load_template(name, globals)
           ~~~~~~~~~~~~~~~~~~~^^^^^^^^^^^^^^^
  File "C:\Users\poorv\OneDrive\Desktop\college_automation\.venv\Lib\site-packages\jinja2\environment.py", line 975, in _load_template
    template = self.loader.load(self, name, self.make_globals(globals))
  File "C:\Users\poorv\OneDrive\Desktop\college_automation\.venv\Lib\site-packages\jinja2\loaders.py", line 126, in load
    source, filename, uptodate = self.get_source(environment, name)
                                 ~~~~~~~~~~~~~~~^^^^^^^^^^^^^^^^^^^
  File "C:\Users\poorv\OneDrive\Desktop\college_automation\.venv\Lib\site-packages\jinja2\loaders.py", line 209, in get_source
    raise TemplateNotFound(
    ...<2 lines>...
    )
jinja2.exceptions.TemplateNotFound: 'login.html' not found in search path: 'C:\\Users\\poorv\\OneDrive\\Desktop\\college_automation\\templates'


2026-03-28 11:56:03,755 - ERROR - 
-----
TIME: 2026-03-28T06:26:03.755035Z
TEMPLATE: dashboard_hod.html
PATH: /dashboard
Traceback (most recent call last):
  File "C:\Users\poorv\OneDrive\Desktop\college_automation\fastapi_app.py", line 68, in render_template_safe
    return templates.TemplateResponse(request, name, context)
           ~~~~~~~~~~~~~~~~~~~~~~~~~~^^^^^^^^^^^^^^^^^^^^^^^^
  File "C:\Users\poorv\OneDrive\Desktop\college_automation\.venv\Lib\site-packages\starlette\templating.py", line 148, in TemplateResponse
    template = self.get_template(name)
  File "C:\Users\poorv\OneDrive\Desktop\college_automation\.venv\Lib\site-packages\starlette\templating.py", line 115, in get_template
    return self.env.get_template(name)
           ~~~~~~~~~~~~~~~~~~~~~^^^^^^
  File "C:\Users\poorv\OneDrive\Desktop\college_automation\.venv\Lib\site-packages\jinja2\environment.py", line 1016, in get_template
    return self._load_template(name, globals)
           ~~~~~~~~~~~~~~~~~~~^^^^^^^^^^^^^^^
  File "C:\Users\poorv\OneDrive\Desktop\college_automation\.venv\Lib\site-packages\jinja2\environment.py", line 975, in _load_template
    template = self.loader.load(self, name, self.make_globals(globals))
  File "C:\Users\poorv\OneDrive\Desktop\college_automation\.venv\Lib\site-packages\jinja2\loaders.py", line 126, in load
    source, filename, uptodate = self.get_source(environment, name)
                                 ~~~~~~~~~~~~~~~^^^^^^^^^^^^^^^^^^^
  File "C:\Users\poorv\OneDrive\Desktop\college_automation\.venv\Lib\site-packages\jinja2\loaders.py", line 209, in get_source
    raise TemplateNotFound(
    ...<2 lines>...
    )
jinja2.exceptions.TemplateNotFound: 'dashboard_hod.html' not found in search path: 'C:\\Users\\poorv\\OneDrive\\Desktop\\college_automation\\templates'


2026-03-28 11:56:03,957 - ERROR - 
-----
TIME: 2026-03-28T06:26:03.957325Z
TEMPLATE: login.html
PATH: /login
Traceback (most recent call last):
  File "C:\Users\poorv\OneDrive\Desktop\college_automation\fastapi_app.py", line 68, in render_template_safe
    return templates.TemplateResponse(request, name, context)
           ~~~~~~~~~~~~~~~~~~~~~~~~~~^^^^^^^^^^^^^^^^^^^^^^^^
  File "C:\Users\poorv\OneDrive\Desktop\college_automation\.venv\Lib\site-packages\starlette\templating.py", line 148, in TemplateResponse
    template = self.get_template(name)
  File "C:\Users\poorv\OneDrive\Desktop\college_automation\.venv\Lib\site-packages\starlette\templating.py", line 115, in get_template
    return self.env.get_template(name)
           ~~~~~~~~~~~~~~~~~~~~~^^^^^^
  File "C:\Users\poorv\OneDrive\Desktop\college_automation\.venv\Lib\site-packages\jinja2\environment.py", line 1016, in get_template
    return self._load_template(name, globals)
           ~~~~~~~~~~~~~~~~~~~^^^^^^^^^^^^^^^
  File "C:\Users\poorv\OneDrive\Desktop\college_automation\.venv\Lib\site-packages\jinja2\environment.py", line 975, in _load_template
    template = self.loader.load(self, name, self.make_globals(globals))
  File "C:\Users\poorv\OneDrive\Desktop\college_automation\.venv\Lib\site-packages\jinja2\loaders.py", line 126, in load
    source, filename, uptodate = self.get_source(environment, name)
                                 ~~~~~~~~~~~~~~~^^^^^^^^^^^^^^^^^^^
  File "C:\Users\poorv\OneDrive\Desktop\college_automation\.venv\Lib\site-packages\jinja2\loaders.py", line 209, in get_source
    raise TemplateNotFound(
    ...<2 lines>...
    )
jinja2.exceptions.TemplateNotFound: 'login.html' not found in search path: 'C:\\Users\\poorv\\OneDrive\\Desktop\\college_automation\\templates'


2026-03-28 11:56:04,129 - ERROR - 
-----
TIME: 2026-03-28T06:26:04.129101Z
TEMPLATE: signup.html
PATH: /signup
Traceback (most recent call last):
  File "C:\Users\poorv\OneDrive\Desktop\college_automation\fastapi_app.py", line 68, in render_template_safe
    return templates.TemplateResponse(request, name, context)
           ~~~~~~~~~~~~~~~~~~~~~~~~~~^^^^^^^^^^^^^^^^^^^^^^^^
  File "C:\Users\poorv\OneDrive\Desktop\college_automation\.venv\Lib\site-packages\starlette\templating.py", line 148, in TemplateResponse
    template = self.get_template(name)
  File "C:\Users\poorv\OneDrive\Desktop\college_automation\.venv\Lib\site-packages\starlette\templating.py", line 115, in get_template
    return self.env.get_template(name)
           ~~~~~~~~~~~~~~~~~~~~~^^^^^^
  File "C:\Users\poorv\OneDrive\Desktop\college_automation\.venv\Lib\site-packages\jinja2\environment.py", line 1016, in get_template
    return self._load_template(name, globals)
           ~~~~~~~~~~~~~~~~~~~^^^^^^^^^^^^^^^
  File "C:\Users\poorv\OneDrive\Desktop\college_automation\.venv\Lib\site-packages\jinja2\environment.py", line 975, in _load_template
    template = self.loader.load(self, name, self.make_globals(globals))
  File "C:\Users\poorv\OneDrive\Desktop\college_automation\.venv\Lib\site-packages\jinja2\loaders.py", line 126, in load
    source, filename, uptodate = self.get_source(environment, name)
                                 ~~~~~~~~~~~~~~~^^^^^^^^^^^^^^^^^^^
  File "C:\Users\poorv\OneDrive\Desktop\college_automation\.venv\Lib\site-packages\jinja2\loaders.py", line 209, in get_source
    raise TemplateNotFound(
    ...<2 lines>...
    )
jinja2.exceptions.TemplateNotFound: 'signup.html' not found in search path: 'C:\\Users\\poorv\\OneDrive\\Desktop\\college_automation\\templates'


2026-03-28 11:56:29,783 - ERROR - 
-----
TIME: 2026-03-28T06:26:29.783542Z
TEMPLATE: dashboard_hod.html
PATH: /dashboard
Traceback (most recent call last):
  File "C:\Users\poorv\OneDrive\Desktop\college_automation\fastapi_app.py", line 68, in render_template_safe
    return templates.TemplateResponse(request, name, context)
           ~~~~~~~~~~~~~~~~~~~~~~~~~~^^^^^^^^^^^^^^^^^^^^^^^^
  File "C:\Users\poorv\OneDrive\Desktop\college_automation\.venv\Lib\site-packages\starlette\templating.py", line 148, in TemplateResponse
    template = self.get_template(name)
  File "C:\Users\poorv\OneDrive\Desktop\college_automation\.venv\Lib\site-packages\starlette\templating.py", line 115, in get_template
    return self.env.get_template(name)
           ~~~~~~~~~~~~~~~~~~~~~^^^^^^
  File "C:\Users\poorv\OneDrive\Desktop\college_automation\.venv\Lib\site-packages\jinja2\environment.py", line 1016, in get_template
    return self._load_template(name, globals)
           ~~~~~~~~~~~~~~~~~~~^^^^^^^^^^^^^^^
  File "C:\Users\poorv\OneDrive\Desktop\college_automation\.venv\Lib\site-packages\jinja2\environment.py", line 975, in _load_template
    template = self.loader.load(self, name, self.make_globals(globals))
  File "C:\Users\poorv\OneDrive\Desktop\college_automation\.venv\Lib\site-packages\jinja2\loaders.py", line 126, in load
    source, filename, uptodate = self.get_source(environment, name)
                                 ~~~~~~~~~~~~~~~^^^^^^^^^^^^^^^^^^^
  File "C:\Users\poorv\OneDrive\Desktop\college_automation\.venv\Lib\site-packages\jinja2\loaders.py", line 209, in get_source
    raise TemplateNotFound(
    ...<2 lines>...
    )
jinja2.exceptions.TemplateNotFound: 'dashboard_hod.html' not found in search path: 'C:\\Users\\poorv\\OneDrive\\Desktop\\college_automation\\templates'


2026-03-28 11:56:44,019 - ERROR - 
-----
TIME: 2026-03-28T06:26:44.019549Z
TEMPLATE: login.html
PATH: /login
Traceback (most recent call last):
  File "C:\Users\poorv\OneDrive\Desktop\college_automation\fastapi_app.py", line 68, in render_template_safe
    return templates.TemplateResponse(request, name, context)
           ~~~~~~~~~~~~~~~~~~~~~~~~~~^^^^^^^^^^^^^^^^^^^^^^^^
  File "C:\Users\poorv\OneDrive\Desktop\college_automation\.venv\Lib\site-packages\starlette\templating.py", line 148, in TemplateResponse
    template = self.get_template(name)
  File "C:\Users\poorv\OneDrive\Desktop\college_automation\.venv\Lib\site-packages\starlette\templating.py", line 115, in get_template
    return self.env.get_template(name)
           ~~~~~~~~~~~~~~~~~~~~~^^^^^^
  File "C:\Users\poorv\OneDrive\Desktop\college_automation\.venv\Lib\site-packages\jinja2\environment.py", line 1016, in get_template
    return self._load_template(name, globals)
           ~~~~~~~~~~~~~~~~~~~^^^^^^^^^^^^^^^
  File "C:\Users\poorv\OneDrive\Desktop\college_automation\.venv\Lib\site-packages\jinja2\environment.py", line 975, in _load_template
    template = self.loader.load(self, name, self.make_globals(globals))
  File "C:\Users\poorv\OneDrive\Desktop\college_automation\.venv\Lib\site-packages\jinja2\loaders.py", line 126, in load
    source, filename, uptodate = self.get_source(environment, name)
                                 ~~~~~~~~~~~~~~~^^^^^^^^^^^^^^^^^^^
  File "C:\Users\poorv\OneDrive\Desktop\college_automation\.venv\Lib\site-packages\jinja2\loaders.py", line 209, in get_source
    raise TemplateNotFound(
    ...<2 lines>...
    )
jinja2.exceptions.TemplateNotFound: 'login.html' not found in search path: 'C:\\Users\\poorv\\OneDrive\\Desktop\\college_automation\\templates'


